[debug] [2025-03-09T16:15:39.221Z] ----------------------------------------------------------------------
[debug] [2025-03-09T16:15:39.224Z] Command:       C:\Program Files\nodejs\node.exe C:\Users\alisa\AppData\Roaming\npm\node_modules\firebase-tools\lib\bin\firebase.js deploy
[debug] [2025-03-09T16:15:39.225Z] CLI Version:   13.33.0
[debug] [2025-03-09T16:15:39.225Z] Platform:      win32
[debug] [2025-03-09T16:15:39.225Z] Node Version:  v22.13.0
[debug] [2025-03-09T16:15:39.225Z] Time:          Sun Mar 09 2025 17:15:39 GMT+0100 (Central European Standard Time)
[debug] [2025-03-09T16:15:39.225Z] ----------------------------------------------------------------------
[debug] 
[debug] [2025-03-09T16:15:39.496Z] > command requires scopes: ["email","openid","https://www.googleapis.com/auth/cloudplatformprojects.readonly","https://www.googleapis.com/auth/firebase","https://www.googleapis.com/auth/cloud-platform"]
[debug] [2025-03-09T16:15:39.497Z] > authorizing via signed-in user (alisaele1@gmail.com)
[debug] [2025-03-09T16:15:39.497Z] [iam] checking project react-bert for permissions ["firebase.projects.get","firebasehosting.sites.update"]
[debug] [2025-03-09T16:15:39.498Z] Checked if tokens are valid: true, expires at: 1741540017944
[debug] [2025-03-09T16:15:39.499Z] Checked if tokens are valid: true, expires at: 1741540017944
[debug] [2025-03-09T16:15:39.500Z] >>> [apiv2][query] POST https://cloudresourcemanager.googleapis.com/v1/projects/react-bert:testIamPermissions [none]
[debug] [2025-03-09T16:15:39.500Z] >>> [apiv2][(partial)header] POST https://cloudresourcemanager.googleapis.com/v1/projects/react-bert:testIamPermissions x-goog-quota-user=projects/react-bert
[debug] [2025-03-09T16:15:39.500Z] >>> [apiv2][body] POST https://cloudresourcemanager.googleapis.com/v1/projects/react-bert:testIamPermissions {"permissions":["firebase.projects.get","firebasehosting.sites.update"]}
[debug] [2025-03-09T16:15:40.305Z] <<< [apiv2][status] POST https://cloudresourcemanager.googleapis.com/v1/projects/react-bert:testIamPermissions 200
[debug] [2025-03-09T16:15:40.306Z] <<< [apiv2][body] POST https://cloudresourcemanager.googleapis.com/v1/projects/react-bert:testIamPermissions {"permissions":["firebase.projects.get","firebasehosting.sites.update"]}
[debug] [2025-03-09T16:15:40.306Z] Checked if tokens are valid: true, expires at: 1741540017944
[debug] [2025-03-09T16:15:40.306Z] Checked if tokens are valid: true, expires at: 1741540017944
[debug] [2025-03-09T16:15:40.307Z] >>> [apiv2][query] GET https://firebase.googleapis.com/v1beta1/projects/react-bert [none]
[debug] [2025-03-09T16:15:40.682Z] <<< [apiv2][status] GET https://firebase.googleapis.com/v1beta1/projects/react-bert 200
[debug] [2025-03-09T16:15:40.682Z] <<< [apiv2][body] GET https://firebase.googleapis.com/v1beta1/projects/react-bert {"projectId":"react-bert","projectNumber":"929070805505","displayName":"react-bert","name":"projects/react-bert","resources":{"hostingSite":"react-bert"},"state":"ACTIVE","etag":"1_a24fb59e-c770-48f3-84ce-89c3c49bf968"}
[info] 
[info] === Deploying to 'react-bert'...
[info] 
[info] i  deploying hosting 
[debug] [2025-03-09T16:15:40.691Z] Checked if tokens are valid: true, expires at: 1741540017944
[debug] [2025-03-09T16:15:40.691Z] Checked if tokens are valid: true, expires at: 1741540017944
[debug] [2025-03-09T16:15:40.691Z] >>> [apiv2][query] POST https://firebasehosting.googleapis.com/v1beta1/projects/-/sites/react-bert/versions [none]
[debug] [2025-03-09T16:15:40.691Z] >>> [apiv2][body] POST https://firebasehosting.googleapis.com/v1beta1/projects/-/sites/react-bert/versions {"status":"CREATED","labels":{"deployment-tool":"cli-firebase"}}
[debug] [2025-03-09T16:15:41.931Z] <<< [apiv2][status] POST https://firebasehosting.googleapis.com/v1beta1/projects/-/sites/react-bert/versions 200
[debug] [2025-03-09T16:15:41.931Z] <<< [apiv2][body] POST https://firebasehosting.googleapis.com/v1beta1/projects/-/sites/react-bert/versions {"name":"projects/929070805505/sites/react-bert/versions/dbaed630eabb4435","status":"CREATED","config":{},"labels":{"deployment-tool":"cli-firebase"}}
[info] i  hosting[react-bert]: beginning deploy... 
[info] i  hosting[react-bert]: found 57 files in build 
[debug] [2025-03-09T16:15:41.962Z] [hosting] uploading with 200 concurrency
[debug] [2025-03-09T16:15:42.339Z] Checked if tokens are valid: true, expires at: 1741540017944
[debug] [2025-03-09T16:15:42.339Z] Checked if tokens are valid: true, expires at: 1741540017944
[debug] [2025-03-09T16:15:42.341Z] [hosting] hash cache [YnVpbGQ] stored for 57 files
[debug] [2025-03-09T16:15:42.341Z] [hosting][hash queue][FINAL] {"max":371,"min":0,"avg":11.588941104714912,"active":0,"complete":57,"success":57,"errored":0,"retried":0,"total":57,"elapsed":376}
[debug] [2025-03-09T16:15:42.342Z] >>> [apiv2][query] POST https://firebasehosting.googleapis.com/v1beta1/projects/929070805505/sites/react-bert/versions/dbaed630eabb4435:populateFiles [none]
[debug] [2025-03-09T16:15:42.342Z] >>> [apiv2][body] POST https://firebasehosting.googleapis.com/v1beta1/projects/929070805505/sites/react-bert/versions/dbaed630eabb4435:populateFiles {"files":{"/robots.txt":"bfe106a3fb878dc83461c86818bf74fc1bdc7f28538ba613cd3e775516ce8b49","/manifest.json":"ee04fb47e525c67d8424ffe9b4d8a8a24e434504478afca4e0ca602146836d4c","/logo512.png":"212b102aa09e51b3b3e06647e81f7801a61333e171f6582e8124379aabccb41d","/logo192.png":"79e2b749561016bc8af300ea19f48347ceed3cb1a54f48ae456172eca45e08f0","/favicon.ico":"55747c3d9ccd0c76af8962453223c496c6ea7ab4f5e5471e759a572389935622","/brukere.txt":"7a62195401732222b6983042c51cf91a5865a5dc51c31c80c06e9189bcbfd2ad","/HangBertAssets/gameWon.png":"b703e141952213fd34057ec4fd3058048f2e055342169a11c885e4b0ffe73679","/HangBertAssets/gameOver.png":"21404e4ba21b18c25f39eba31ccf74c254d08f5effa1e6a076e7242d0219f4f9","/HangBertAssets/hangman/6.png":"c7f515a2de64ebfa7d7544446493233a34b4fba6f7e9337941e2db6a2d5953f9","/HangBertAssets/hangman/5.png":"926c6266b17ece5f47c7f5d7d1d43188bf649c5e8b05ef57f4c227bfcb4aeb3f","/HangBertAssets/hangman/4.png":"9bb69bb2a44272709853a4ec594d25052f14a344495edf3308b27e1a23bdced0","/HangBertAssets/hangman/3.png":"36dbb9c3f29b023f8b6ea548d934f73a9778608706d6b2beb27ab8f2d3697ebc","/HangBertAssets/hangman/2.png":"5aaf32c3b3a29243a4c71401859eb0b43ea1bc8a001623afb2091db203529c1b","/HangBertAssets/hangman/1.png":"27c73da66e058404e750bea5fe4e546cf1d44304f02385f398b451c4c7321a7f","/HangBertAssets/hangman/0.png":"75f116f030a7eecca97535d37ba0d211b98200369def7b6a323ec363fc33f1aa","/HangBertAssets/audio/wrongAudio.mp3":"fd95c519321b63806461ba1d07c96e119bc79de5a300a4a96443a3c960da6c60","/HangBertAssets/audio/winAudio.mp3":"52842d15fed99fc11f88681884fdc3ce0748e5444d01a2d01380044f8303f7b3","/HangBertAssets/audio/lossAudio.mp3":"a5a5fb9a8542d80fb1bf1d3e25243ce9a8b2686076cbdc55f1ef9ab7aede3564","/HangBertAssets/audio/correctAudio.MP3":"1e2c3873484c39cb606ca9f9ec578daf5dafac6a7b0674536bfc563c588fe435","/HangBertAssets/alfabet/z.png":"37f87cfe161e9451233ec8a6d4a0e046002cd21250699dac3676d4759ef12485","/HangBertAssets/alfabet/y.png":"d401a99428b19cca7c6fc369403aa0d8fa5868d94ea8603cd1623df65431fdb3","/HangBertAssets/alfabet/x.png":"03ae3313d0b2d0acd7676d918c905823894cd6bae7dedb14e71b9bd521fdebc1","/HangBertAssets/alfabet/w.png":"a5117f05869f30d7bc307c713be89d8d70756863faac5e71061c8bc84e97e967","/HangBertAssets/alfabet/v.png":"1f21b5a9ec3382f7deeeab1bf94fd44ece823dbfc204f0e7b4debcdc89dc22c8","/HangBertAssets/alfabet/u.png":"b2b8653176673c83e83c09d97b37a63dd446c6112db6f889ca970e7c32fea603","/HangBertAssets/alfabet/t.png":"3b47f851979feaa4f05d27b5a06d74a8995343d5bac269ce665f4913e47e2ca3","/HangBertAssets/alfabet/s.png":"ee1beb69c17d71ff9aa4a76e54f726f9cfacc2d906d3f29239100ea5a201218e","/HangBertAssets/alfabet/r.png":"d70bb667609f94a1fd2a97e3c2fde11bcab2783b6fb89c382e15949fc5e62323","/HangBertAssets/alfabet/q.png":"7725da8a7a552612dcbecf38ad61051260e56fccf7c2591327f1d5e872c6b892","/HangBertAssets/alfabet/p.png":"dfdfd2d6ce8aab185c77f03279c59bf0755748ee36bba6b8b1d21c8b231b3575","/HangBertAssets/alfabet/o.png":"dc83f6addc49904abe47572ab6c7d82c6e018be7ba0f22b0d37585f485292f0f","/HangBertAssets/alfabet/n.png":"9cb3cfd32a1bed0fda5ce6001046fd2bc080e8da6080d21e1e0496b13df253b2","/HangBertAssets/alfabet/m.png":"8f89804b022126434018bdd4f1a2f4dfb82badb485466c5524f1263c62a27104","/HangBertAssets/alfabet/l.png":"42cf1b9f82b02deb087b223e485585f8fa75613805f81050e7dfd5f0a2c6ab2e","/HangBertAssets/alfabet/k.png":"68cd2b34a042162c87873a908064155c2c6b82fe94c85c265da8f8940dd97e78","/HangBertAssets/alfabet/j.png":"830458a888be3b5ec7adf5fce96fb6782f82dba850c992a8eb4dd395151b4ab3","/HangBertAssets/alfabet/i.png":"e20d465ecd3e219352c5072d6219da00d590c802e54b1a47875c4138bab84b9a","/HangBertAssets/alfabet/h.png":"032e7d0b9fdcfbdf148374847bf08f92c2221b0ff8a51229e031f51b1e31182e","/HangBertAssets/alfabet/g.png":"dc0ae4e1f9d85c9f14fb4a5ce151ebf0fabf118671d795c8b98af9da1e063e04","/HangBertAssets/alfabet/f.png":"05b4779d73e2cfb49f8bcd46461c91df4246ce19fe31c19bc9d1c71b2d4c645e","/HangBertAssets/alfabet/e.png":"05b79f72ce7794d95b40beb13ec97988d9ab6c32f87f17013d41903248e47911","/HangBertAssets/alfabet/d.png":"eb6885fcbcad56df4ac23ba303f7d49d2ebad43eadcbd70a332abeb829b15ba7","/HangBertAssets/alfabet/c.png":"b693e3f46dbed8310ffa21d5a5c4750e173afbf6459644ed577139fa6e1ea495","/HangBertAssets/alfabet/b.png":"45c0d7f26858a2f520de11192d5ce476047cee086b09d840a4f2300222a6686d","/HangBertAssets/alfabet/a.png":"fcc691c40804a3fe7ff8e89d8bd6acbcf1fa304b6a6504bb7b9afd6d47844eee","/HangBertAssets/alfabet/0_strek.png":"ad9166f537818033990aba2b2aadc2807112f0ac59d262a71a1b07392e952a30","/index.html":"f16fd5da2976c8409b8ce98e4f437e968f5cff3344b9815df4d2829c2e9df040","/asset-manifest.json":"96115c586f7df16b124ce6dc7bff849fdfa2c14779aac5d19938e534a5e03290","/static/js/main.5fae45d2.js.LICENSE.txt":"9ee466eb0f883badb3b64adf7c3843bad38e04ef62d455c2d1cf93af4de5bda0","/static/js/488.e9aecffb.chunk.js":"c38c5bea276b70c360c0d35983167813dffc041124e71e9174542151ca7fc381","/static/css/main.5d7b4636.css.map":"84ae2b586fe430f1cab971b9d1134f0d8799f0e166bbbfd9a76c54f3204fc529","/static/css/main.5d7b4636.css":"24655181fd8864ecd62ffb89c86b64c78560cf0263c8c27e18115d05709dc364","/static/js/488.e9aecffb.chunk.js.map":"d7962296410394d2d77aa0d3734556125efeff21f56b8607ab07ebfba7c9fabb","/static/media/spinner.57aa0b75bf200041a076.png":"797cc5ec330d3adb5e2d60e3e24a0202e3358133a9cf44ff64b3f59a23c19807","/static/js/main.5fae45d2.js":"933e5c124a92b496ec563bbdf26a9e7ae1c1d3614e7303563f937b9e69795a9e","/static/media/bert.2ab9575d6fbb2fe40ba0.png":"55747c3d9ccd0c76af8962453223c496c6ea7ab4f5e5471e759a572389935622","/static/js/main.5fae45d2.js.map":"8bc57566608b3c684e2c595302195de9ea144f98da1759047d04790db5fd6cd6"}}
